<?xml version="1.0" encoding="UTF-8"?>
<testsuite name="JUnit Jupiter" tests="0" skipped="0" failures="0" errors="0" time="0.005" hostname="thomas-skytala" timestamp="2018-08-24T11:58:36">
<properties>
<property name="awt.toolkit" value="sun.awt.X11.XToolkit"/>
<property name="file.encoding" value="UTF-8"/>
<property name="file.encoding.pkg" value="sun.io"/>
<property name="file.separator" value="/"/>
<property name="java.awt.graphicsenv" value="sun.awt.X11GraphicsEnvironment"/>
<property name="java.awt.printerjob" value="sun.print.PSPrinterJob"/>
<property name="java.class.path" value="/home/thomas/Projects/useCase/lang/io.deniffel.dsl.useCase.parent/io.deniffel.dsl.useCase.tests/build/classes/test:/home/thomas/Projects/useCase/lang/io.deniffel.dsl.useCase.parent/io.deniffel.dsl.useCase.tests/build/resources/test:/home/thomas/Projects/useCase/lang/io.deniffel.dsl.useCase.parent/io.deniffel.dsl.useCase.tests/build/classes/main:/home/thomas/Projects/useCase/lang/io.deniffel.dsl.useCase.parent/io.deniffel.dsl.useCase.tests/build/resources/main:/home/thomas/Projects/useCase/lang/io.deniffel.dsl.useCase.parent/io.deniffel.dsl.useCase/build/libs/io.deniffel.dsl.useCase-1.0.0-SNAPSHOT.jar:/home/thomas/.gradle/caches/modules-2/files-2.1/org.junit.jupiter/junit-jupiter-api/5.0.1/30fbf4448c594cb45d8e91630d6bb7f465906b88/junit-jupiter-api-5.0.1.jar:/home/thomas/.gradle/caches/modules-2/files-2.1/junit/junit/4.12/2973d150c0dc1fefe998f834810d68f278ea58ec/junit-4.12.jar:/home/thomas/.gradle/caches/modules-2/files-2.1/org.eclipse.xtext/org.eclipse.xtext.testing/2.14.0/1b8090e2e965bf689611a3fdc9b9b50128c55d65/org.eclipse.xtext.testing-2.14.0.jar:/home/thomas/.gradle/caches/modules-2/files-2.1/org.eclipse.xtext/org.eclipse.xtext.xbase.testing/2.14.0/55efa83f3bdaa0b177b3a68d35acf4dda8f2512d/org.eclipse.xtext.xbase.testing-2.14.0.jar:/home/thomas/.gradle/caches/modules-2/files-2.1/org.junit.jupiter/junit-jupiter-engine/5.0.1/e22d2bf87f43fb03fee14dea447b2a14f41b095f/junit-jupiter-engine-5.0.1.jar:/home/thomas/.gradle/caches/modules-2/files-2.1/org.eclipse.xtext/org.eclipse.xtext/2.14.0/25d0b7acb7a40fa30b7230201f469c02368f092c/org.eclipse.xtext-2.14.0.jar:/home/thomas/.gradle/caches/modules-2/files-2.1/org.eclipse.xtext/org.eclipse.xtext.xbase/2.14.0/7a229b419ef3f2795840f58505469f984b64aff1/org.eclipse.xtext.xbase-2.14.0.jar:/home/thomas/.gradle/caches/modules-2/files-2.1/org.opentest4j/opentest4j/1.0.0/6f09c598e9ff64bf0ce2fa7e7de49a99ba83c0b4/opentest4j-1.0.0.jar:/home/thomas/.gradle/caches/modules-2/files-2.1/org.junit.platform/junit-platform-commons/1.0.1/3632e4a74a43d3ae8d29e6fa172cbc29590bda03/junit-platform-commons-1.0.1.jar:/home/thomas/.gradle/caches/modules-2/files-2.1/org.hamcrest/hamcrest-core/1.3/42a25dc3219429f0e5d060061f71acb49bf010a0/hamcrest-core-1.3.jar:/home/thomas/.gradle/caches/modules-2/files-2.1/org.eclipse.xtext/org.eclipse.xtext.ide/2.14.0/fe01af4d51507d7571489a45bd03dab139462a3e/org.eclipse.xtext.ide-2.14.0.jar:/home/thomas/.gradle/caches/modules-2/files-2.1/org.eclipse.lsp4j/org.eclipse.lsp4j/0.4.0/aa05b3681271cbcf7a5868363d506033459338cb/org.eclipse.lsp4j-0.4.0.jar:/home/thomas/.gradle/caches/modules-2/files-2.1/org.eclipse.jdt/org.eclipse.jdt.compiler.apt/1.3.110/c00ac4f8491ce9eff7abc1cca44b8c7f18c26471/org.eclipse.jdt.compiler.apt-1.3.110.jar:/home/thomas/.gradle/caches/modules-2/files-2.1/org.eclipse.jdt/org.eclipse.jdt.compiler.tool/1.2.101/1670d715c962f0d8b1d5d833f19802844934c380/org.eclipse.jdt.compiler.tool-1.2.101.jar:/home/thomas/.gradle/caches/modules-2/files-2.1/org.junit.platform/junit-platform-engine/1.0.1/4ce0a37866312c18ea3f45818f2faec077e46e0/junit-platform-engine-1.0.1.jar:/home/thomas/.gradle/caches/modules-2/files-2.1/org.eclipse.xtext/org.eclipse.xtext.util/2.14.0/e5d22241cfb618a5f8026ff5023f04343ee0928c/org.eclipse.xtext.util-2.14.0.jar:/home/thomas/.gradle/caches/modules-2/files-2.1/org.eclipse.xtend/org.eclipse.xtend.lib/2.14.0/56459301b64c92bbbb6e13988b91cdbe1fc6264e/org.eclipse.xtend.lib-2.14.0.jar:/home/thomas/.gradle/caches/modules-2/files-2.1/log4j/log4j/1.2.16/7999a63bfccbc7c247a9aea10d83d4272bd492c6/log4j-1.2.16.jar:/home/thomas/.gradle/caches/modules-2/files-2.1/org.eclipse.emf/org.eclipse.emf.common/2.12.0/ce79e5cc3c2de3e8d96a6df4dad3bf5c9fa6b7d7/org.eclipse.emf.common-2.12.0.jar:/home/thomas/.gradle/caches/modules-2/files-2.1/org.eclipse.emf/org.eclipse.emf.ecore.xmi/2.12.0/ad136ea23fcdaebec17ec6c730dfdf74b2077c37/org.eclipse.emf.ecore.xmi-2.12.0.jar:/home/thomas/.gradle/caches/modules-2/files-2.1/com.google.inject/guice/3.0/9d84f15fe35e2c716a02979fb62f50a29f38aefa/guice-3.0.jar:/home/thomas/.gradle/caches/modules-2/files-2.1/org.antlr/antlr-runtime/3.2/31c746001016c6226bd7356c9f87a6a084ce3715/antlr-runtime-3.2.jar:/home/thomas/.gradle/caches/modules-2/files-2.1/org.eclipse.xtext/org.eclipse.xtext.common.types/2.14.0/fa944b81d6f35929985857b5f15d8a15ea3252ce/org.eclipse.xtext.common.types-2.14.0.jar:/home/thomas/.gradle/caches/modules-2/files-2.1/org.eclipse.emf/org.eclipse.emf.ecore.change/2.11.0/3e240518c1b7df8a42acb5d54121693128aaa54e/org.eclipse.emf.ecore.change-2.11.0.jar:/home/thomas/.gradle/caches/modules-2/files-2.1/org.eclipse.lsp4j/org.eclipse.lsp4j.generator/0.4.0/efec1e1536117dfff0e6bce5043de1dd69725500/org.eclipse.lsp4j.generator-0.4.0.jar:/home/thomas/.gradle/caches/modules-2/files-2.1/org.eclipse.lsp4j/org.eclipse.lsp4j.jsonrpc/0.4.0/f96b4eb7f2140e6256b16a849295fb89233348c1/org.eclipse.lsp4j.jsonrpc-0.4.0.jar:/home/thomas/.gradle/caches/modules-2/files-2.1/org.eclipse.platform/org.eclipse.core.resources/3.13.0/582ea9b37aafb39450825f82ef3a0f5867e4015c/org.eclipse.core.resources-3.13.0.jar:/home/thomas/.gradle/caches/modules-2/files-2.1/org.eclipse.platform/org.eclipse.core.runtime/3.14.0/5018d6e829f976519ccf94cf4519486b2e93edfb/org.eclipse.core.runtime-3.14.0.jar:/home/thomas/.gradle/caches/modules-2/files-2.1/org.eclipse.platform/org.eclipse.core.filesystem/1.7.100/b3ad92ecd4bc57e4c4e6fd8184f2f79ab5bb7aa1/org.eclipse.core.filesystem-1.7.100.jar:/home/thomas/.gradle/caches/modules-2/files-2.1/org.eclipse.platform/org.eclipse.text/3.6.300/ea0a6dfa718820760daefa3d9d9d3cc843e96448/org.eclipse.text-3.6.300.jar:/home/thomas/.gradle/caches/modules-2/files-2.1/org.eclipse.emf/org.eclipse.emf.ecore/2.12.0/644751074e8b448526815f9bdeda26770df2e213/org.eclipse.emf.ecore-2.12.0.jar:/home/thomas/.gradle/caches/modules-2/files-2.1/org.eclipse.xtext/org.eclipse.xtext.xbase.lib/2.14.0/c40ffe7e5e6244dd094ae95009aa45072c629254/org.eclipse.xtext.xbase.lib-2.14.0.jar:/home/thomas/.gradle/caches/modules-2/files-2.1/org.eclipse.xtend/org.eclipse.xtend.lib.macro/2.14.0/f2fca7a70c8a29374e79487417cefb5f51a84867/org.eclipse.xtend.lib.macro-2.14.0.jar:/home/thomas/.gradle/caches/modules-2/files-2.1/javax.inject/javax.inject/1/6975da39a7040257bd51d21a231b76c915872d38/javax.inject-1.jar:/home/thomas/.gradle/caches/modules-2/files-2.1/aopalliance/aopalliance/1.0/235ba8b489512805ac13a8f9ea77a1ca5ebe3e8/aopalliance-1.0.jar:/home/thomas/.gradle/caches/modules-2/files-2.1/org.ow2.asm/asm-commons/6.1.1/70a7deee986e66c015cea1c9978f9654cc667020/asm-commons-6.1.1.jar:/home/thomas/.gradle/caches/modules-2/files-2.1/com.google.code.gson/gson/2.7/751f548c85fa49f330cecbb1875893f971b33c4e/gson-2.7.jar:/home/thomas/.gradle/caches/modules-2/files-2.1/com.google.guava/guava/21.0/3a3d111be1be1b745edfa7d91678a12d7ed38709/guava-21.0.jar:/home/thomas/.gradle/caches/modules-2/files-2.1/org.ow2.asm/asm/6.1.1/264754515362d92acd39e8d40395f6b8dee7bc08/asm-6.1.1.jar:/home/thomas/.gradle/caches/modules-2/files-2.1/org.ow2.asm/asm-tree/6.1.1/19fdc358e7bd3986b9867de508ce6cefa693dda6/asm-tree-6.1.1.jar:/home/thomas/.gradle/caches/modules-2/files-2.1/org.ow2.asm/asm-analysis/6.1.1/376d85732456ec4d2c4bc020ee152061c61f00b5/asm-analysis-6.1.1.jar:/home/thomas/.gradle/caches/modules-2/files-2.1/org.eclipse.jdt/org.eclipse.jdt.core/3.14.0/16ec8157b196520fcf1ed9d7c9b63c770eda278d/org.eclipse.jdt.core-3.14.0.jar:/home/thomas/.gradle/caches/modules-2/files-2.1/org.eclipse.platform/org.eclipse.core.expressions/3.6.100/e700804ec91f0340abb0646bf53e1e8f7eaad447/org.eclipse.core.expressions-3.6.100.jar:/home/thomas/.gradle/caches/modules-2/files-2.1/org.eclipse.platform/org.eclipse.core.jobs/3.10.0/f7c872a52c86a304a17f6d2902c645e98cfa2dcc/org.eclipse.core.jobs-3.10.0.jar:/home/thomas/.gradle/caches/modules-2/files-2.1/org.eclipse.platform/org.eclipse.equinox.registry/3.8.0/774f134851bead95050a5ad75cf53fb3d450a9c7/org.eclipse.equinox.registry-3.8.0.jar:/home/thomas/.gradle/caches/modules-2/files-2.1/org.eclipse.platform/org.eclipse.equinox.preferences/3.7.100/1d47bf96df31261867e9ed88367790aeb8d143f3/org.eclipse.equinox.preferences-3.7.100.jar:/home/thomas/.gradle/caches/modules-2/files-2.1/org.eclipse.platform/org.eclipse.core.contenttype/3.7.0/ee111d57c3fb5fd287f0dbadd3e8bb24f41ba710/org.eclipse.core.contenttype-3.7.0.jar:/home/thomas/.gradle/caches/modules-2/files-2.1/org.eclipse.platform/org.eclipse.equinox.app/1.3.500/b2dc328b287382ffe07391b7324e4682e2cff0/org.eclipse.equinox.app-1.3.500.jar:/home/thomas/.gradle/caches/modules-2/files-2.1/org.eclipse.platform/org.eclipse.core.commands/3.9.100/474076d0883cbd9ddd2af189a8003b59ff2caa79/org.eclipse.core.commands-3.9.100.jar:/home/thomas/.gradle/caches/modules-2/files-2.1/org.eclipse.platform/org.eclipse.osgi/3.13.0/a71aec640e47045636f9263cc4696af7005d16e2/org.eclipse.osgi-3.13.0.jar:/home/thomas/.gradle/caches/modules-2/files-2.1/org.eclipse.platform/org.eclipse.equinox.common/3.10.0/8758736e97bb84bf59f73013073abdc44a4e5602/org.eclipse.equinox.common-3.10.0.jar:/home/thomas/.gradle/caches/modules-2/files-2.1/org.junit.platform/junit-platform-launcher/1.0.1/5562631a34e4eefefdad04cdd49a50774d6ac777/junit-platform-launcher-1.0.1.jar:/home/thomas/.gradle/caches/modules-2/files-2.1/org.junit.platform/junit-platform-console/1.0.1/3892e08f30d92a88addc73f3a5f9575be864cec/junit-platform-console-1.0.1.jar"/>
<property name="java.class.version" value="52.0"/>
<property name="java.endorsed.dirs" value="/usr/lib/jvm/java-8-openjdk-amd64/jre/lib/endorsed"/>
<property name="java.ext.dirs" value="/usr/lib/jvm/java-8-openjdk-amd64/jre/lib/ext:/usr/java/packages/lib/ext"/>
<property name="java.home" value="/usr/lib/jvm/java-8-openjdk-amd64/jre"/>
<property name="java.io.tmpdir" value="/tmp"/>
<property name="java.library.path" value="/opt/ros/melodic/lib:/usr/java/packages/lib/amd64:/usr/lib/x86_64-linux-gnu/jni:/lib/x86_64-linux-gnu:/usr/lib/x86_64-linux-gnu:/usr/lib/jni:/lib:/usr/lib"/>
<property name="java.runtime.name" value="OpenJDK Runtime Environment"/>
<property name="java.runtime.version" value="1.8.0_171-8u171-b11-0ubuntu0.18.04.1-b11"/>
<property name="java.specification.name" value="Java Platform API Specification"/>
<property name="java.specification.vendor" value="Oracle Corporation"/>
<property name="java.specification.version" value="1.8"/>
<property name="java.vendor" value="Oracle Corporation"/>
<property name="java.vendor.url" value="http://java.oracle.com/"/>
<property name="java.vendor.url.bug" value="http://bugreport.sun.com/bugreport/"/>
<property name="java.version" value="1.8.0_171"/>
<property name="java.vm.info" value="mixed mode"/>
<property name="java.vm.name" value="OpenJDK 64-Bit Server VM"/>
<property name="java.vm.specification.name" value="Java Virtual Machine Specification"/>
<property name="java.vm.specification.vendor" value="Oracle Corporation"/>
<property name="java.vm.specification.version" value="1.8"/>
<property name="java.vm.vendor" value="Oracle Corporation"/>
<property name="java.vm.version" value="25.171-b11"/>
<property name="line.separator" value="
"/>
<property name="os.arch" value="amd64"/>
<property name="os.name" value="Linux"/>
<property name="os.version" value="4.15.0-30-generic"/>
<property name="path.separator" value=":"/>
<property name="sun.arch.data.model" value="64"/>
<property name="sun.boot.class.path" value="/usr/lib/jvm/java-8-openjdk-amd64/jre/lib/resources.jar:/usr/lib/jvm/java-8-openjdk-amd64/jre/lib/rt.jar:/usr/lib/jvm/java-8-openjdk-amd64/jre/lib/sunrsasign.jar:/usr/lib/jvm/java-8-openjdk-amd64/jre/lib/jsse.jar:/usr/lib/jvm/java-8-openjdk-amd64/jre/lib/jce.jar:/usr/lib/jvm/java-8-openjdk-amd64/jre/lib/charsets.jar:/usr/lib/jvm/java-8-openjdk-amd64/jre/lib/jfr.jar:/usr/lib/jvm/java-8-openjdk-amd64/jre/classes"/>
<property name="sun.boot.library.path" value="/usr/lib/jvm/java-8-openjdk-amd64/jre/lib/amd64"/>
<property name="sun.cpu.endian" value="little"/>
<property name="sun.cpu.isalist" value=""/>
<property name="sun.desktop" value="gnome"/>
<property name="sun.io.unicode.encoding" value="UnicodeLittle"/>
<property name="sun.java.command" value="org.junit.platform.console.ConsoleLauncher --details NONE --scan-class-path /home/thomas/Projects/useCase/lang/io.deniffel.dsl.useCase.parent/io.deniffel.dsl.useCase.tests/build/classes/main:/home/thomas/Projects/useCase/lang/io.deniffel.dsl.useCase.parent/io.deniffel.dsl.useCase.tests/build/resources/main:/home/thomas/Projects/useCase/lang/io.deniffel.dsl.useCase.parent/io.deniffel.dsl.useCase.tests/build/classes/test:/home/thomas/Projects/useCase/lang/io.deniffel.dsl.useCase.parent/io.deniffel.dsl.useCase.tests/build/resources/test -n ^.*Tests?$ --reports-dir /home/thomas/Projects/useCase/lang/io.deniffel.dsl.useCase.parent/io.deniffel.dsl.useCase.tests/build/test-results/junit-platform"/>
<property name="sun.java.launcher" value="SUN_STANDARD"/>
<property name="sun.jnu.encoding" value="UTF-8"/>
<property name="sun.management.compiler" value="HotSpot 64-Bit Tiered Compilers"/>
<property name="sun.os.patch.level" value="unknown"/>
<property name="user.country" value="US"/>
<property name="user.dir" value="/home/thomas/Projects/useCase/lang/io.deniffel.dsl.useCase.parent/io.deniffel.dsl.useCase.tests"/>
<property name="user.home" value="/home/thomas"/>
<property name="user.language" value="en"/>
<property name="user.name" value="thomas"/>
<property name="user.timezone" value="Europe/Berlin"/>
<property name="user.variant" value=""/>
</properties>
<system-out><![CDATA[
unique-id: [engine:junit-jupiter]
display-name: JUnit Jupiter
]]></system-out>
</testsuite>
