<?xml version="1.0" encoding="UTF-8"?>
<testsuite name="JUnit Jupiter" tests="0" skipped="0" failures="0" errors="0" time="0.004" hostname="thomas-skytala" timestamp="2018-08-24T11:58:54">
<properties>
<property name="awt.toolkit" value="sun.awt.X11.XToolkit"/>
<property name="file.encoding" value="UTF-8"/>
<property name="file.encoding.pkg" value="sun.io"/>
<property name="file.separator" value="/"/>
<property name="java.awt.graphicsenv" value="sun.awt.X11GraphicsEnvironment"/>
<property name="java.awt.printerjob" value="sun.print.PSPrinterJob"/>
<property name="java.class.path" value="/home/thomas/Projects/useCase/lang/io.deniffel.dsl.useCase.parent/io.deniffel.dsl.useCase.web/build/classes/test:/home/thomas/Projects/useCase/lang/io.deniffel.dsl.useCase.parent/io.deniffel.dsl.useCase.web/build/resources/test:/home/thomas/Projects/useCase/lang/io.deniffel.dsl.useCase.parent/io.deniffel.dsl.useCase.web/build/classes/main:/home/thomas/Projects/useCase/lang/io.deniffel.dsl.useCase.parent/io.deniffel.dsl.useCase.web/build/resources/main:/home/thomas/Projects/useCase/lang/io.deniffel.dsl.useCase.parent/io.deniffel.dsl.useCase/build/libs/io.deniffel.dsl.useCase-1.0.0-SNAPSHOT.jar:/home/thomas/Projects/useCase/lang/io.deniffel.dsl.useCase.parent/io.deniffel.dsl.useCase.ide/build/libs/io.deniffel.dsl.useCase.ide-1.0.0-SNAPSHOT.jar:/home/thomas/.gradle/caches/modules-2/files-2.1/org.eclipse.xtext/org.eclipse.xtext.xbase.web/2.14.0/f05269d80cdff7bb336330c327a562348ac75c41/org.eclipse.xtext.xbase.web-2.14.0.jar:/home/thomas/.gradle/caches/modules-2/files-2.1/org.eclipse.xtext/org.eclipse.xtext.web.servlet/2.14.0/fd474f9ec71db9893ed9f5b3f2e74b9d7b2da0e5/org.eclipse.xtext.web.servlet-2.14.0.jar:/home/thomas/.gradle/caches/modules-2/files-2.1/org.eclipse.xtend/org.eclipse.xtend.lib/2.14.0/56459301b64c92bbbb6e13988b91cdbe1fc6264e/org.eclipse.xtend.lib-2.14.0.jar:/home/thomas/.gradle/caches/modules-2/files-2.1/org.webjars/requirejs/2.3.2/f70d2efec834af46229ffd92231acc18fa7856a/requirejs-2.3.2.jar:/home/thomas/.gradle/caches/modules-2/files-2.1/org.webjars/jquery/2.2.4/c3dc40b1b5f24c56afa36fd9a463bb9f378ac4ab/jquery-2.2.4.jar:/home/thomas/.gradle/caches/modules-2/files-2.1/org.webjars/ace/1.2.3/c027fca9e205f9f4a6b154a725cf41dbeff21a89/ace-1.2.3.jar:/home/thomas/.gradle/caches/modules-2/files-2.1/org.eclipse.jetty/jetty-annotations/9.3.8.v20160314/f62c5f0fcaca6ec20502491f5e6b3a1abe7d0285/jetty-annotations-9.3.8.v20160314.jar:/home/thomas/.gradle/caches/modules-2/files-2.1/org.slf4j/slf4j-simple/1.7.21/be4b3c560a37e69b6c58278116740db28832232c/slf4j-simple-1.7.21.jar:/home/thomas/.gradle/caches/modules-2/files-2.1/org.junit.jupiter/junit-jupiter-api/5.0.1/30fbf4448c594cb45d8e91630d6bb7f465906b88/junit-jupiter-api-5.0.1.jar:/home/thomas/.gradle/caches/modules-2/files-2.1/org.junit.jupiter/junit-jupiter-engine/5.0.1/e22d2bf87f43fb03fee14dea447b2a14f41b095f/junit-jupiter-engine-5.0.1.jar:/home/thomas/.gradle/caches/modules-2/files-2.1/org.eclipse.xtext/org.eclipse.xtext/2.14.0/25d0b7acb7a40fa30b7230201f469c02368f092c/org.eclipse.xtext-2.14.0.jar:/home/thomas/.gradle/caches/modules-2/files-2.1/org.eclipse.xtext/org.eclipse.xtext.xbase/2.14.0/7a229b419ef3f2795840f58505469f984b64aff1/org.eclipse.xtext.xbase-2.14.0.jar:/home/thomas/.gradle/caches/modules-2/files-2.1/org.eclipse.xtext/org.eclipse.xtext.ide/2.14.0/fe01af4d51507d7571489a45bd03dab139462a3e/org.eclipse.xtext.ide-2.14.0.jar:/home/thomas/.gradle/caches/modules-2/files-2.1/org.eclipse.xtext/org.eclipse.xtext.xbase.ide/2.14.0/6c5ef8cdfb2c226e70c66479ebeab59b367f005b/org.eclipse.xtext.xbase.ide-2.14.0.jar:/home/thomas/.gradle/caches/modules-2/files-2.1/org.eclipse.xtext/org.eclipse.xtext.web/2.14.0/457724bc7af157de46fcebf870a46ae08f4b6982/org.eclipse.xtext.web-2.14.0.jar:/home/thomas/.gradle/caches/modules-2/files-2.1/org.eclipse.xtext/org.eclipse.xtext.xbase.lib/2.14.0/c40ffe7e5e6244dd094ae95009aa45072c629254/org.eclipse.xtext.xbase.lib-2.14.0.jar:/home/thomas/.gradle/caches/modules-2/files-2.1/org.eclipse.xtend/org.eclipse.xtend.lib.macro/2.14.0/f2fca7a70c8a29374e79487417cefb5f51a84867/org.eclipse.xtend.lib.macro-2.14.0.jar:/home/thomas/.gradle/caches/modules-2/files-2.1/org.eclipse.jetty/jetty-plus/9.3.8.v20160314/411fa7abeb05a1cb4eb359e8412c0338a9319d13/jetty-plus-9.3.8.v20160314.jar:/home/thomas/.gradle/caches/modules-2/files-2.1/org.eclipse.jetty/jetty-webapp/9.3.8.v20160314/2f0dfef84af7c97f2a1f14db65aa3f37349420e4/jetty-webapp-9.3.8.v20160314.jar:/home/thomas/.gradle/caches/modules-2/files-2.1/javax.annotation/javax.annotation-api/1.2/479c1e06db31c432330183f5cae684163f186146/javax.annotation-api-1.2.jar:/home/thomas/.gradle/caches/modules-2/files-2.1/org.slf4j/slf4j-api/1.7.21/139535a69a4239db087de9bab0bee568bf8e0b70/slf4j-api-1.7.21.jar:/home/thomas/.gradle/caches/modules-2/files-2.1/org.opentest4j/opentest4j/1.0.0/6f09c598e9ff64bf0ce2fa7e7de49a99ba83c0b4/opentest4j-1.0.0.jar:/home/thomas/.gradle/caches/modules-2/files-2.1/org.junit.platform/junit-platform-commons/1.0.1/3632e4a74a43d3ae8d29e6fa172cbc29590bda03/junit-platform-commons-1.0.1.jar:/home/thomas/.gradle/caches/modules-2/files-2.1/org.junit.platform/junit-platform-engine/1.0.1/4ce0a37866312c18ea3f45818f2faec077e46e0/junit-platform-engine-1.0.1.jar:/home/thomas/.gradle/caches/modules-2/files-2.1/org.eclipse.xtext/org.eclipse.xtext.util/2.14.0/e5d22241cfb618a5f8026ff5023f04343ee0928c/org.eclipse.xtext.util-2.14.0.jar:/home/thomas/.gradle/caches/modules-2/files-2.1/log4j/log4j/1.2.16/7999a63bfccbc7c247a9aea10d83d4272bd492c6/log4j-1.2.16.jar:/home/thomas/.gradle/caches/modules-2/files-2.1/org.eclipse.platform/org.eclipse.equinox.common/3.8.0/9a166c07468f7f10c03a9125669406baa05b80d0/org.eclipse.equinox.common-3.8.0.jar:/home/thomas/.gradle/caches/modules-2/files-2.1/org.eclipse.platform/org.eclipse.osgi/3.11.2/e8d062db7f518a41e6b4029a8005b49c855c5aac/org.eclipse.osgi-3.11.2.jar:/home/thomas/.gradle/caches/modules-2/files-2.1/org.eclipse.emf/org.eclipse.emf.common/2.12.0/ce79e5cc3c2de3e8d96a6df4dad3bf5c9fa6b7d7/org.eclipse.emf.common-2.12.0.jar:/home/thomas/.gradle/caches/modules-2/files-2.1/org.eclipse.emf/org.eclipse.emf.ecore.xmi/2.12.0/ad136ea23fcdaebec17ec6c730dfdf74b2077c37/org.eclipse.emf.ecore.xmi-2.12.0.jar:/home/thomas/.gradle/caches/modules-2/files-2.1/com.google.inject/guice/3.0/9d84f15fe35e2c716a02979fb62f50a29f38aefa/guice-3.0.jar:/home/thomas/.gradle/caches/modules-2/files-2.1/org.antlr/antlr-runtime/3.2/31c746001016c6226bd7356c9f87a6a084ce3715/antlr-runtime-3.2.jar:/home/thomas/.gradle/caches/modules-2/files-2.1/org.eclipse.xtext/org.eclipse.xtext.common.types/2.14.0/fa944b81d6f35929985857b5f15d8a15ea3252ce/org.eclipse.xtext.common.types-2.14.0.jar:/home/thomas/.gradle/caches/modules-2/files-2.1/org.eclipse.emf/org.eclipse.emf.ecore.change/2.11.0/3e240518c1b7df8a42acb5d54121693128aaa54e/org.eclipse.emf.ecore.change-2.11.0.jar:/home/thomas/.gradle/caches/modules-2/files-2.1/org.eclipse.lsp4j/org.eclipse.lsp4j/0.4.0/aa05b3681271cbcf7a5868363d506033459338cb/org.eclipse.lsp4j-0.4.0.jar:/home/thomas/.gradle/caches/modules-2/files-2.1/com.google.guava/guava/21.0/3a3d111be1be1b745edfa7d91678a12d7ed38709/guava-21.0.jar:/home/thomas/.gradle/caches/modules-2/files-2.1/org.eclipse.jetty/jetty-jndi/9.3.8.v20160314/ae2759b9ae8a3fb165e19eed8762ec34dd188bb3/jetty-jndi-9.3.8.v20160314.jar:/home/thomas/.gradle/caches/modules-2/files-2.1/org.eclipse.jetty/jetty-xml/9.3.8.v20160314/f02bbbf71d7ea706a95fedf7e76c3ff243049bfc/jetty-xml-9.3.8.v20160314.jar:/home/thomas/.gradle/caches/modules-2/files-2.1/org.eclipse.jetty/jetty-servlet/9.3.8.v20160314/ea5f25d3326d7745d9c21d405dcf6f878efbd5fb/jetty-servlet-9.3.8.v20160314.jar:/home/thomas/.gradle/caches/modules-2/files-2.1/org.eclipse.emf/org.eclipse.emf.ecore/2.12.0/644751074e8b448526815f9bdeda26770df2e213/org.eclipse.emf.ecore-2.12.0.jar:/home/thomas/.gradle/caches/modules-2/files-2.1/javax.inject/javax.inject/1/6975da39a7040257bd51d21a231b76c915872d38/javax.inject-1.jar:/home/thomas/.gradle/caches/modules-2/files-2.1/aopalliance/aopalliance/1.0/235ba8b489512805ac13a8f9ea77a1ca5ebe3e8/aopalliance-1.0.jar:/home/thomas/.gradle/caches/modules-2/files-2.1/org.eclipse.lsp4j/org.eclipse.lsp4j.generator/0.4.0/efec1e1536117dfff0e6bce5043de1dd69725500/org.eclipse.lsp4j.generator-0.4.0.jar:/home/thomas/.gradle/caches/modules-2/files-2.1/org.eclipse.lsp4j/org.eclipse.lsp4j.jsonrpc/0.4.0/f96b4eb7f2140e6256b16a849295fb89233348c1/org.eclipse.lsp4j.jsonrpc-0.4.0.jar:/home/thomas/.gradle/caches/modules-2/files-2.1/org.eclipse.jetty/jetty-util/9.3.8.v20160314/1d53c7a7e7715e67d6f4edec6c5b328ee162e65/jetty-util-9.3.8.v20160314.jar:/home/thomas/.gradle/caches/modules-2/files-2.1/org.eclipse.jetty/jetty-security/9.3.8.v20160314/5291fa5e3098f08017bfcc7f950a7ce36c9544d7/jetty-security-9.3.8.v20160314.jar:/home/thomas/.gradle/caches/modules-2/files-2.1/org.eclipse.jetty/jetty-server/9.3.8.v20160314/da8366f602f35d4c3177cb081472e2fc4abe04ea/jetty-server-9.3.8.v20160314.jar:/home/thomas/.gradle/caches/modules-2/files-2.1/javax.servlet/javax.servlet-api/3.1.0/3cd63d075497751784b2fa84be59432f4905bf7c/javax.servlet-api-3.1.0.jar:/home/thomas/.gradle/caches/modules-2/files-2.1/org.eclipse.jetty/jetty-http/9.3.8.v20160314/127feb7407f4137ff4295b5fa2895845db56710/jetty-http-9.3.8.v20160314.jar:/home/thomas/.gradle/caches/modules-2/files-2.1/org.eclipse.jetty/jetty-io/9.3.8.v20160314/371e3c2b72d9a9737579ec0fdfd6a2a3ab8b8141/jetty-io-9.3.8.v20160314.jar:/home/thomas/.gradle/caches/modules-2/files-2.1/org.ow2.asm/asm-commons/6.1.1/70a7deee986e66c015cea1c9978f9654cc667020/asm-commons-6.1.1.jar:/home/thomas/.gradle/caches/modules-2/files-2.1/org.ow2.asm/asm-analysis/6.1.1/376d85732456ec4d2c4bc020ee152061c61f00b5/asm-analysis-6.1.1.jar:/home/thomas/.gradle/caches/modules-2/files-2.1/com.google.code.gson/gson/2.7/751f548c85fa49f330cecbb1875893f971b33c4e/gson-2.7.jar:/home/thomas/.gradle/caches/modules-2/files-2.1/org.ow2.asm/asm/6.1.1/264754515362d92acd39e8d40395f6b8dee7bc08/asm-6.1.1.jar:/home/thomas/.gradle/caches/modules-2/files-2.1/org.ow2.asm/asm-tree/6.1.1/19fdc358e7bd3986b9867de508ce6cefa693dda6/asm-tree-6.1.1.jar:/home/thomas/.gradle/caches/modules-2/files-2.1/org.junit.platform/junit-platform-launcher/1.0.1/5562631a34e4eefefdad04cdd49a50774d6ac777/junit-platform-launcher-1.0.1.jar:/home/thomas/.gradle/caches/modules-2/files-2.1/org.junit.platform/junit-platform-console/1.0.1/3892e08f30d92a88addc73f3a5f9575be864cec/junit-platform-console-1.0.1.jar"/>
<property name="java.class.version" value="52.0"/>
<property name="java.endorsed.dirs" value="/usr/lib/jvm/java-8-openjdk-amd64/jre/lib/endorsed"/>
<property name="java.ext.dirs" value="/usr/lib/jvm/java-8-openjdk-amd64/jre/lib/ext:/usr/java/packages/lib/ext"/>
<property name="java.home" value="/usr/lib/jvm/java-8-openjdk-amd64/jre"/>
<property name="java.io.tmpdir" value="/tmp"/>
<property name="java.library.path" value="/opt/ros/melodic/lib:/usr/java/packages/lib/amd64:/usr/lib/x86_64-linux-gnu/jni:/lib/x86_64-linux-gnu:/usr/lib/x86_64-linux-gnu:/usr/lib/jni:/lib:/usr/lib"/>
<property name="java.runtime.name" value="OpenJDK Runtime Environment"/>
<property name="java.runtime.version" value="1.8.0_171-8u171-b11-0ubuntu0.18.04.1-b11"/>
<property name="java.specification.name" value="Java Platform API Specification"/>
<property name="java.specification.vendor" value="Oracle Corporation"/>
<property name="java.specification.version" value="1.8"/>
<property name="java.vendor" value="Oracle Corporation"/>
<property name="java.vendor.url" value="http://java.oracle.com/"/>
<property name="java.vendor.url.bug" value="http://bugreport.sun.com/bugreport/"/>
<property name="java.version" value="1.8.0_171"/>
<property name="java.vm.info" value="mixed mode"/>
<property name="java.vm.name" value="OpenJDK 64-Bit Server VM"/>
<property name="java.vm.specification.name" value="Java Virtual Machine Specification"/>
<property name="java.vm.specification.vendor" value="Oracle Corporation"/>
<property name="java.vm.specification.version" value="1.8"/>
<property name="java.vm.vendor" value="Oracle Corporation"/>
<property name="java.vm.version" value="25.171-b11"/>
<property name="line.separator" value="
"/>
<property name="os.arch" value="amd64"/>
<property name="os.name" value="Linux"/>
<property name="os.version" value="4.15.0-30-generic"/>
<property name="path.separator" value=":"/>
<property name="sun.arch.data.model" value="64"/>
<property name="sun.boot.class.path" value="/usr/lib/jvm/java-8-openjdk-amd64/jre/lib/resources.jar:/usr/lib/jvm/java-8-openjdk-amd64/jre/lib/rt.jar:/usr/lib/jvm/java-8-openjdk-amd64/jre/lib/sunrsasign.jar:/usr/lib/jvm/java-8-openjdk-amd64/jre/lib/jsse.jar:/usr/lib/jvm/java-8-openjdk-amd64/jre/lib/jce.jar:/usr/lib/jvm/java-8-openjdk-amd64/jre/lib/charsets.jar:/usr/lib/jvm/java-8-openjdk-amd64/jre/lib/jfr.jar:/usr/lib/jvm/java-8-openjdk-amd64/jre/classes"/>
<property name="sun.boot.library.path" value="/usr/lib/jvm/java-8-openjdk-amd64/jre/lib/amd64"/>
<property name="sun.cpu.endian" value="little"/>
<property name="sun.cpu.isalist" value=""/>
<property name="sun.desktop" value="gnome"/>
<property name="sun.io.unicode.encoding" value="UnicodeLittle"/>
<property name="sun.java.command" value="org.junit.platform.console.ConsoleLauncher --details NONE --scan-class-path /home/thomas/Projects/useCase/lang/io.deniffel.dsl.useCase.parent/io.deniffel.dsl.useCase.web/build/classes/main:/home/thomas/Projects/useCase/lang/io.deniffel.dsl.useCase.parent/io.deniffel.dsl.useCase.web/build/resources/main:/home/thomas/Projects/useCase/lang/io.deniffel.dsl.useCase.parent/io.deniffel.dsl.useCase.web/build/classes/test:/home/thomas/Projects/useCase/lang/io.deniffel.dsl.useCase.parent/io.deniffel.dsl.useCase.web/build/resources/test -n ^.*Tests?$ --reports-dir /home/thomas/Projects/useCase/lang/io.deniffel.dsl.useCase.parent/io.deniffel.dsl.useCase.web/build/test-results/junit-platform"/>
<property name="sun.java.launcher" value="SUN_STANDARD"/>
<property name="sun.jnu.encoding" value="UTF-8"/>
<property name="sun.management.compiler" value="HotSpot 64-Bit Tiered Compilers"/>
<property name="sun.os.patch.level" value="unknown"/>
<property name="user.country" value="US"/>
<property name="user.dir" value="/home/thomas/Projects/useCase/lang/io.deniffel.dsl.useCase.parent/io.deniffel.dsl.useCase.web"/>
<property name="user.home" value="/home/thomas"/>
<property name="user.language" value="en"/>
<property name="user.name" value="thomas"/>
<property name="user.timezone" value="Europe/Berlin"/>
<property name="user.variant" value=""/>
</properties>
<system-out><![CDATA[
unique-id: [engine:junit-jupiter]
display-name: JUnit Jupiter
]]></system-out>
</testsuite>
